*** Starting uWSGI 2.0.15 (64bit) on [Sun Aug 13 11:13:01 2017] ***
compiled with version: 4.8.5 20150623 (Red Hat 4.8.5-4) on 12 August 2017 23:13:11
os: Linux-3.10.0-327.36.3.el7.x86_64 #1 SMP Mon Oct 24 16:09:20 UTC 2016
nodename: VM_91_18_centos
machine: x86_64
clock source: unix
pcre jit disabled
detected number of CPU cores: 1
current working directory: /var/www/chmall
writing pidfile to uwsgi.pid
detected binary path: /var/www/chmall/env/bin/uwsgi
uWSGI running as root, you can use --uid/--gid/--chroot options
*** WARNING: you are running uWSGI as root !!! (use the --uid flag) *** 
your processes number limit is 65535
your memory page size is 4096 bytes
 *** WARNING: you have enabled harakiri without post buffering. Slow upload could be rejected on post-unbuffered webservers *** 
detected max file descriptor number: 65535
lock engine: pthread robust mutexes
thunder lock: disabled (you can enable it with --thunder-lock)
uwsgi socket 0 bound to TCP address 127.0.0.1:5000 #注： 指定某个固定端口 fd 3
Python version: 2.7.5 (default, Nov  6 2016, 00:28:07)  [GCC 4.8.5 20150623 (Red Hat 4.8.5-11)]
Python main interpreter initialized at 0x7dd410
python threads support enabled
your server socket listen backlog is limited to 100 connections
your mercy for graceful operations on workers is 60 seconds
mapped 280832 bytes (274 KB) for 2 cores
*** Operational MODE: threaded ***
added /var/www/chmall/ to pythonpath.
WSGI app 0 (mountpoint='') ready in 0 seconds on interpreter 0x7dd410 pid: 23750 (default app)
*** uWSGI is running in multiple interpreter mode ***
spawned uWSGI master process (pid: 23750)
spawned uWSGI worker 1 (pid: 23768, cores: 2)
*** Starting uWSGI 2.0.15 (64bit) on [Sun Aug 13 11:19:36 2017] ***
compiled with version: 4.8.5 20150623 (Red Hat 4.8.5-4) on 12 August 2017 23:13:11
os: Linux-3.10.0-327.36.3.el7.x86_64 #1 SMP Mon Oct 24 16:09:20 UTC 2016
nodename: VM_91_18_centos
machine: x86_64
clock source: unix
pcre jit disabled
detected number of CPU cores: 1
current working directory: /var/www/chmall
writing pidfile to uwsgi.pid
detected binary path: /var/www/chmall/env/bin/uwsgi
uWSGI running as root, you can use --uid/--gid/--chroot options
*** WARNING: you are running uWSGI as root !!! (use the --uid flag) *** 
your processes number limit is 65535
your memory page size is 4096 bytes
 *** WARNING: you have enabled harakiri without post buffering. Slow upload could be rejected on post-unbuffered webservers *** 
detected max file descriptor number: 65535
lock engine: pthread robust mutexes
thunder lock: disabled (you can enable it with --thunder-lock)
probably another instance of uWSGI is running on the same address (127.0.0.1:5000 #注： 指定某个固定端口).
bind(): Address already in use [core/socket.c line 769]
*** Starting uWSGI 2.0.15 (64bit) on [Sun Aug 13 13:01:45 2017] ***
compiled with version: 4.8.5 20150623 (Red Hat 4.8.5-4) on 12 August 2017 23:13:11
os: Linux-3.10.0-327.36.3.el7.x86_64 #1 SMP Mon Oct 24 16:09:20 UTC 2016
nodename: VM_91_18_centos
machine: x86_64
clock source: unix
pcre jit disabled
detected number of CPU cores: 1
current working directory: /var/www/chmall
writing pidfile to uwsgi.pid
detected binary path: /var/www/chmall/env/bin/uwsgi
uWSGI running as root, you can use --uid/--gid/--chroot options
*** WARNING: you are running uWSGI as root !!! (use the --uid flag) *** 
your processes number limit is 65535
your memory page size is 4096 bytes
 *** WARNING: you have enabled harakiri without post buffering. Slow upload could be rejected on post-unbuffered webservers *** 
detected max file descriptor number: 65535
lock engine: pthread robust mutexes
thunder lock: disabled (you can enable it with --thunder-lock)
uWSGI http bound on 0.0.0.0:5000 fd 3
probably another instance of uWSGI is running on the same address (127.0.0.1:5000 #注： 指定某个固定端口).
bind(): Address already in use [core/socket.c line 769]
*** Starting uWSGI 2.0.15 (64bit) on [Sun Aug 13 13:05:14 2017] ***
compiled with version: 4.8.5 20150623 (Red Hat 4.8.5-4) on 12 August 2017 23:13:11
os: Linux-3.10.0-327.36.3.el7.x86_64 #1 SMP Mon Oct 24 16:09:20 UTC 2016
nodename: VM_91_18_centos
machine: x86_64
clock source: unix
pcre jit disabled
detected number of CPU cores: 1
current working directory: /var/www/chmall
writing pidfile to uwsgi.pid
detected binary path: /var/www/chmall/env/bin/uwsgi
uWSGI running as root, you can use --uid/--gid/--chroot options
*** WARNING: you are running uWSGI as root !!! (use the --uid flag) *** 
your processes number limit is 65535
your memory page size is 4096 bytes
 *** WARNING: you have enabled harakiri without post buffering. Slow upload could be rejected on post-unbuffered webservers *** 
detected max file descriptor number: 65535
lock engine: pthread robust mutexes
thunder lock: disabled (you can enable it with --thunder-lock)
uWSGI http bound on 0.0.0.0:5000 fd 3
probably another instance of uWSGI is running on the same address (127.0.0.1:5000 #注： 指定某个固定端口).
bind(): Address already in use [core/socket.c line 769]
*** Starting uWSGI 2.0.15 (64bit) on [Sun Aug 13 13:14:00 2017] ***
compiled with version: 4.8.5 20150623 (Red Hat 4.8.5-4) on 12 August 2017 23:13:11
os: Linux-3.10.0-327.36.3.el7.x86_64 #1 SMP Mon Oct 24 16:09:20 UTC 2016
nodename: VM_91_18_centos
machine: x86_64
clock source: unix
pcre jit disabled
detected number of CPU cores: 1
current working directory: /var/www/chmall
writing pidfile to uwsgi.pid
detected binary path: /var/www/chmall/env/bin/uwsgi
uWSGI running as root, you can use --uid/--gid/--chroot options
*** WARNING: you are running uWSGI as root !!! (use the --uid flag) *** 
your processes number limit is 65535
your memory page size is 4096 bytes
 *** WARNING: you have enabled harakiri without post buffering. Slow upload could be rejected on post-unbuffered webservers *** 
detected max file descriptor number: 65535
lock engine: pthread robust mutexes
thunder lock: disabled (you can enable it with --thunder-lock)
uWSGI http bound on 0.0.0.0:5000 fd 3
probably another instance of uWSGI is running on the same address (127.0.0.1:5000 #注： 指定某个固定端口).
bind(): Address already in use [core/socket.c line 769]
*** Starting uWSGI 2.0.15 (64bit) on [Sun Aug 13 16:54:00 2017] ***
compiled with version: 4.8.5 20150623 (Red Hat 4.8.5-4) on 12 August 2017 23:13:11
os: Linux-3.10.0-327.36.3.el7.x86_64 #1 SMP Mon Oct 24 16:09:20 UTC 2016
nodename: VM_91_18_centos
machine: x86_64
clock source: unix
pcre jit disabled
detected number of CPU cores: 1
current working directory: /var/www/chmall
writing pidfile to uwsgi.pid
detected binary path: /var/www/chmall/env/bin/uwsgi
uWSGI running as root, you can use --uid/--gid/--chroot options
*** WARNING: you are running uWSGI as root !!! (use the --uid flag) *** 
your processes number limit is 65535
your memory page size is 4096 bytes
 *** WARNING: you have enabled harakiri without post buffering. Slow upload could be rejected on post-unbuffered webservers *** 
detected max file descriptor number: 65535
lock engine: pthread robust mutexes
thunder lock: disabled (you can enable it with --thunder-lock)
probably another instance of uWSGI is running on the same address (127.0.0.1:5000 #注： 指定某个固定端口).
bind(): Address already in use [core/socket.c line 769]
